[INFO  - 2017-04-04T12:08:40.855Z] GhostDriver - Main - running on port 46054
[INFO  - 2017-04-04T12:08:41.315Z] Session [714b3140-192f-11e7-b6bf-0dd0db08f9b0] - page.settings - {"XSSAuditingEnabled":false,"javascriptCanCloseWindows":true,"javascriptCanOpenWindows":true,"javascriptEnabled":true,"loadImages":true,"localToRemoteUrlAccessEnabled":false,"userAgent":"Mozilla/5.0 (Macintosh; Intel Mac OS X) AppleWebKit/538.1 (KHTML, like Gecko) PhantomJS/2.1.1 Safari/538.1","webSecurityEnabled":true}
[INFO  - 2017-04-04T12:08:41.315Z] Session [714b3140-192f-11e7-b6bf-0dd0db08f9b0] - page.customHeaders:  - {}
[INFO  - 2017-04-04T12:08:41.315Z] Session [714b3140-192f-11e7-b6bf-0dd0db08f9b0] - Session.negotiatedCapabilities - {"browserName":"phantomjs","version":"2.1.1","driverName":"ghostdriver","driverVersion":"1.2.0","platform":"mac-unknown-64bit","javascriptEnabled":true,"takesScreenshot":true,"handlesAlerts":false,"databaseEnabled":false,"locationContextEnabled":false,"applicationCacheEnabled":false,"browserConnectionEnabled":false,"cssSelectorsEnabled":true,"webStorageEnabled":false,"rotatable":false,"acceptSslCerts":false,"nativeEvents":true,"proxy":{"proxyType":"direct"}}
[INFO  - 2017-04-04T12:08:41.315Z] SessionManagerReqHand - _postNewSessionCommand - New Session Created: 714b3140-192f-11e7-b6bf-0dd0db08f9b0
[INFO  - 2017-04-04T12:08:47.299Z] ShutdownReqHand - _handle - About to shutdown
[INFO  - 2017-04-04T12:12:44.260Z] GhostDriver - Main - running on port 5997
[INFO  - 2017-04-04T12:12:45.084Z] Session [0298ea70-1930-11e7-a0bb-356f1f65924d] - page.settings - {"XSSAuditingEnabled":false,"javascriptCanCloseWindows":true,"javascriptCanOpenWindows":true,"javascriptEnabled":true,"loadImages":true,"localToRemoteUrlAccessEnabled":false,"userAgent":"Mozilla/5.0 (Macintosh; Intel Mac OS X) AppleWebKit/538.1 (KHTML, like Gecko) PhantomJS/2.1.1 Safari/538.1","webSecurityEnabled":true}
[INFO  - 2017-04-04T12:12:45.084Z] Session [0298ea70-1930-11e7-a0bb-356f1f65924d] - page.customHeaders:  - {}
[INFO  - 2017-04-04T12:12:45.084Z] Session [0298ea70-1930-11e7-a0bb-356f1f65924d] - Session.negotiatedCapabilities - {"browserName":"phantomjs","version":"2.1.1","driverName":"ghostdriver","driverVersion":"1.2.0","platform":"mac-unknown-64bit","javascriptEnabled":true,"takesScreenshot":true,"handlesAlerts":false,"databaseEnabled":false,"locationContextEnabled":false,"applicationCacheEnabled":false,"browserConnectionEnabled":false,"cssSelectorsEnabled":true,"webStorageEnabled":false,"rotatable":false,"acceptSslCerts":false,"nativeEvents":true,"proxy":{"proxyType":"direct"}}
[INFO  - 2017-04-04T12:12:45.085Z] SessionManagerReqHand - _postNewSessionCommand - New Session Created: 0298ea70-1930-11e7-a0bb-356f1f65924d
[INFO  - 2017-04-04T12:12:51.904Z] ShutdownReqHand - _handle - About to shutdown
[INFO  - 2017-04-04T12:17:19.065Z] GhostDriver - Main - running on port 26949
[INFO  - 2017-04-04T12:17:19.311Z] Session [a60b9130-1930-11e7-8de9-410d1a3e139c] - page.settings - {"XSSAuditingEnabled":false,"javascriptCanCloseWindows":true,"javascriptCanOpenWindows":true,"javascriptEnabled":true,"loadImages":true,"localToRemoteUrlAccessEnabled":false,"userAgent":"Mozilla/5.0 (Macintosh; Intel Mac OS X) AppleWebKit/538.1 (KHTML, like Gecko) PhantomJS/2.1.1 Safari/538.1","webSecurityEnabled":true}
[INFO  - 2017-04-04T12:17:19.312Z] Session [a60b9130-1930-11e7-8de9-410d1a3e139c] - page.customHeaders:  - {}
[INFO  - 2017-04-04T12:17:19.313Z] Session [a60b9130-1930-11e7-8de9-410d1a3e139c] - Session.negotiatedCapabilities - {"browserName":"phantomjs","version":"2.1.1","driverName":"ghostdriver","driverVersion":"1.2.0","platform":"mac-unknown-64bit","javascriptEnabled":true,"takesScreenshot":true,"handlesAlerts":false,"databaseEnabled":false,"locationContextEnabled":false,"applicationCacheEnabled":false,"browserConnectionEnabled":false,"cssSelectorsEnabled":true,"webStorageEnabled":false,"rotatable":false,"acceptSslCerts":false,"nativeEvents":true,"proxy":{"proxyType":"direct"}}
[INFO  - 2017-04-04T12:17:19.314Z] SessionManagerReqHand - _postNewSessionCommand - New Session Created: a60b9130-1930-11e7-8de9-410d1a3e139c
[INFO  - 2017-04-04T12:17:24.797Z] ShutdownReqHand - _handle - About to shutdown
[INFO  - 2017-04-04T12:52:59.394Z] GhostDriver - Main - running on port 30383
[INFO  - 2017-04-04T12:53:00.145Z] Session [a215aca0-1935-11e7-b8e3-491bd0ad9332] - page.settings - {"XSSAuditingEnabled":false,"javascriptCanCloseWindows":true,"javascriptCanOpenWindows":true,"javascriptEnabled":true,"loadImages":true,"localToRemoteUrlAccessEnabled":false,"userAgent":"Mozilla/5.0 (Macintosh; Intel Mac OS X) AppleWebKit/538.1 (KHTML, like Gecko) PhantomJS/2.1.1 Safari/538.1","webSecurityEnabled":true}
[INFO  - 2017-04-04T12:53:00.145Z] Session [a215aca0-1935-11e7-b8e3-491bd0ad9332] - page.customHeaders:  - {}
[INFO  - 2017-04-04T12:53:00.146Z] Session [a215aca0-1935-11e7-b8e3-491bd0ad9332] - Session.negotiatedCapabilities - {"browserName":"phantomjs","version":"2.1.1","driverName":"ghostdriver","driverVersion":"1.2.0","platform":"mac-unknown-64bit","javascriptEnabled":true,"takesScreenshot":true,"handlesAlerts":false,"databaseEnabled":false,"locationContextEnabled":false,"applicationCacheEnabled":false,"browserConnectionEnabled":false,"cssSelectorsEnabled":true,"webStorageEnabled":false,"rotatable":false,"acceptSslCerts":false,"nativeEvents":true,"proxy":{"proxyType":"direct"}}
[INFO  - 2017-04-04T12:53:00.146Z] SessionManagerReqHand - _postNewSessionCommand - New Session Created: a215aca0-1935-11e7-b8e3-491bd0ad9332
[INFO  - 2017-04-04T12:53:05.627Z] ShutdownReqHand - _handle - About to shutdown
[INFO  - 2017-04-04T14:24:07.441Z] GhostDriver - Main - running on port 7017
[INFO  - 2017-04-04T14:24:07.907Z] Session [5d1f7c90-1942-11e7-8e9f-8ff1584ff7ae] - page.settings - {"XSSAuditingEnabled":false,"javascriptCanCloseWindows":true,"javascriptCanOpenWindows":true,"javascriptEnabled":true,"loadImages":true,"localToRemoteUrlAccessEnabled":false,"userAgent":"Mozilla/5.0 (Macintosh; Intel Mac OS X) AppleWebKit/538.1 (KHTML, like Gecko) PhantomJS/2.1.1 Safari/538.1","webSecurityEnabled":true}
[INFO  - 2017-04-04T14:24:07.908Z] Session [5d1f7c90-1942-11e7-8e9f-8ff1584ff7ae] - page.customHeaders:  - {}
[INFO  - 2017-04-04T14:24:07.908Z] Session [5d1f7c90-1942-11e7-8e9f-8ff1584ff7ae] - Session.negotiatedCapabilities - {"browserName":"phantomjs","version":"2.1.1","driverName":"ghostdriver","driverVersion":"1.2.0","platform":"mac-unknown-64bit","javascriptEnabled":true,"takesScreenshot":true,"handlesAlerts":false,"databaseEnabled":false,"locationContextEnabled":false,"applicationCacheEnabled":false,"browserConnectionEnabled":false,"cssSelectorsEnabled":true,"webStorageEnabled":false,"rotatable":false,"acceptSslCerts":false,"nativeEvents":true,"proxy":{"proxyType":"direct"}}
[INFO  - 2017-04-04T14:24:07.908Z] SessionManagerReqHand - _postNewSessionCommand - New Session Created: 5d1f7c90-1942-11e7-8e9f-8ff1584ff7ae
[INFO  - 2017-04-04T14:24:13.425Z] ShutdownReqHand - _handle - About to shutdown
[INFO  - 2017-04-04T14:26:41.173Z] GhostDriver - Main - running on port 2537
[INFO  - 2017-04-04T14:26:41.823Z] Session [b8dd8270-1942-11e7-ae6d-b1d8a7704419] - page.settings - {"XSSAuditingEnabled":false,"javascriptCanCloseWindows":true,"javascriptCanOpenWindows":true,"javascriptEnabled":true,"loadImages":true,"localToRemoteUrlAccessEnabled":false,"userAgent":"Mozilla/5.0 (Macintosh; Intel Mac OS X) AppleWebKit/538.1 (KHTML, like Gecko) PhantomJS/2.1.1 Safari/538.1","webSecurityEnabled":true}
[INFO  - 2017-04-04T14:26:41.823Z] Session [b8dd8270-1942-11e7-ae6d-b1d8a7704419] - page.customHeaders:  - {}
[INFO  - 2017-04-04T14:26:41.823Z] Session [b8dd8270-1942-11e7-ae6d-b1d8a7704419] - Session.negotiatedCapabilities - {"browserName":"phantomjs","version":"2.1.1","driverName":"ghostdriver","driverVersion":"1.2.0","platform":"mac-unknown-64bit","javascriptEnabled":true,"takesScreenshot":true,"handlesAlerts":false,"databaseEnabled":false,"locationContextEnabled":false,"applicationCacheEnabled":false,"browserConnectionEnabled":false,"cssSelectorsEnabled":true,"webStorageEnabled":false,"rotatable":false,"acceptSslCerts":false,"nativeEvents":true,"proxy":{"proxyType":"direct"}}
[INFO  - 2017-04-04T14:26:41.824Z] SessionManagerReqHand - _postNewSessionCommand - New Session Created: b8dd8270-1942-11e7-ae6d-b1d8a7704419
[INFO  - 2017-04-04T14:28:05.131Z] GhostDriver - Main - running on port 5981
[INFO  - 2017-04-04T14:28:05.705Z] Session [eadd7f50-1942-11e7-a2ee-5d59f29051ef] - page.settings - {"XSSAuditingEnabled":false,"javascriptCanCloseWindows":true,"javascriptCanOpenWindows":true,"javascriptEnabled":true,"loadImages":true,"localToRemoteUrlAccessEnabled":false,"userAgent":"Mozilla/5.0 (Macintosh; Intel Mac OS X) AppleWebKit/538.1 (KHTML, like Gecko) PhantomJS/2.1.1 Safari/538.1","webSecurityEnabled":true}
[INFO  - 2017-04-04T14:28:05.705Z] Session [eadd7f50-1942-11e7-a2ee-5d59f29051ef] - page.customHeaders:  - {}
[INFO  - 2017-04-04T14:28:05.705Z] Session [eadd7f50-1942-11e7-a2ee-5d59f29051ef] - Session.negotiatedCapabilities - {"browserName":"phantomjs","version":"2.1.1","driverName":"ghostdriver","driverVersion":"1.2.0","platform":"mac-unknown-64bit","javascriptEnabled":true,"takesScreenshot":true,"handlesAlerts":false,"databaseEnabled":false,"locationContextEnabled":false,"applicationCacheEnabled":false,"browserConnectionEnabled":false,"cssSelectorsEnabled":true,"webStorageEnabled":false,"rotatable":false,"acceptSslCerts":false,"nativeEvents":true,"proxy":{"proxyType":"direct"}}
[INFO  - 2017-04-04T14:28:05.705Z] SessionManagerReqHand - _postNewSessionCommand - New Session Created: eadd7f50-1942-11e7-a2ee-5d59f29051ef
[INFO  - 2017-04-04T14:28:10.928Z] ShutdownReqHand - _handle - About to shutdown
